#
# There is insufficient memory for the Java Runtime Environment to continue.
# Native memory allocation (malloc) failed to allocate 979696 bytes for Chunk::new
# Possible reasons:
#   The system is out of physical RAM or swap space
#   The process is running with CompressedOops enabled, and the Java Heap may be blocking the growth of the native heap
# Possible solutions:
#   Reduce memory load on the system
#   Increase physical memory or swap space
#   Check if swap backing store is full
#   Decrease Java heap size (-Xmx/-Xms)
#   Decrease number of Java threads
#   Decrease Java thread stack sizes (-Xss)
#   Set larger code cache with -XX:ReservedCodeCacheSize=
#   JVM is running with Unscaled Compressed Oops mode in which the Java heap is
#     placed in the first 4GB address space. The Java Heap base address is the
#     maximum limit for the native heap growth. Please use -XX:HeapBaseMinAddress
#     to set the Java Heap base and to place the Java Heap above 4GB virtual address.
# This output file may be truncated or incomplete.
#
#  Out of Memory Error (./src/hotspot/share/memory/arena.cpp:197), pid=21020, tid=43844
#
# JRE version: OpenJDK Runtime Environment AdoptOpenJDK (11.0.10+9) (build 11.0.10+9)
# Java VM: OpenJDK 64-Bit Server VM AdoptOpenJDK (11.0.10+9, mixed mode, tiered, compressed oops, g1 gc, windows-amd64)
# No core dump will be written. Minidumps are not enabled by default on client versions of Windows
#

---------------  S U M M A R Y ------------

Command Line: --add-opens=java.base/java.util=ALL-UNNAMED --add-opens=java.base/java.lang=ALL-UNNAMED --add-opens=java.base/java.lang.invoke=ALL-UNNAMED --add-opens=java.prefs/java.util.prefs=ALL-UNNAMED -XX:MaxMetaspaceSize=256m -XX:+HeapDumpOnOutOfMemoryError -Xms256m -Xmx512m -Dfile.encoding=windows-1252 -Duser.country=GB -Duser.language=en -Duser.variant org.gradle.launcher.daemon.bootstrap.GradleDaemon 6.9

Host: Intel(R) Core(TM) i7-7700HQ CPU @ 2.80GHz, 8 cores, 15G,  Windows 10 , 64 bit Build 19041 (10.0.19041.1348)
Time: Wed Nov 24 21:37:15 2021 GMT Standard Time elapsed time: 17.858885 seconds (0d 0h 0m 17s)

---------------  T H R E A D  ---------------

Current thread (0x000001b79d44e000):  JavaThread "C2 CompilerThread1" daemon [_thread_in_native, id=43844, stack(0x0000000b26f00000,0x0000000b27000000)]


Current CompileTask:
C2:  17859 2015       4       java.net.URLClassLoader$1::run (5 bytes)

Stack: [0x0000000b26f00000,0x0000000b27000000]
Native frames: (J=compiled Java code, j=interpreted, Vv=VM code, C=native code)
V  [jvm.dll+0x5f35ea]
V  [jvm.dll+0x77c65e]
V  [jvm.dll+0x77dd2f]
V  [jvm.dll+0x77e3f3]
V  [jvm.dll+0x246c38]
V  [jvm.dll+0xbe6cc]
V  [jvm.dll+0xbedcc]
V  [jvm.dll+0x2b5ef4]
V  [jvm.dll+0x507c19]
V  [jvm.dll+0x2086dd]
V  [jvm.dll+0x20264a]
V  [jvm.dll+0x1ff5ef]
V  [jvm.dll+0x1846bc]
V  [jvm.dll+0x20ec37]
V  [jvm.dll+0x20ce1b]
V  [jvm.dll+0x740b39]
V  [jvm.dll+0x739ba4]
V  [jvm.dll+0x5f2466]
C  [ucrtbase.dll+0x21bb2]
C  [KERNEL32.DLL+0x17034]
C  [ntdll.dll+0x52651]


---------------  P R O C E S S  ---------------

Threads class SMR info:
_java_thread_list=0x000001b79df0dae0, length=24, elements={
0x000001b7ffb06800, 0x000001b79be5a000, 0x000001b79be63000, 0x000001b79be75800,
0x000001b79be77800, 0x000001b79be7a800, 0x000001b79c7e0800, 0x000001b79c7e1800,
0x000001b79c7f5000, 0x000001b79c941800, 0x000001b79c942800, 0x000001b79c945000,
0x000001b79c944000, 0x000001b79c943800, 0x000001b79c946000, 0x000001b79c940000,
0x000001b79c946800, 0x000001b79c941000, 0x000001b79e777000, 0x000001b79e774000,
0x000001b79e775800, 0x000001b79e776000, 0x000001b79e778800, 0x000001b79d44e000
}

Java Threads: ( => current thread )
  0x000001b7ffb06800 JavaThread "main" [_thread_blocked, id=57160, stack(0x0000000b24900000,0x0000000b24a00000)]
  0x000001b79be5a000 JavaThread "Reference Handler" daemon [_thread_blocked, id=48388, stack(0x0000000b25000000,0x0000000b25100000)]
  0x000001b79be63000 JavaThread "Finalizer" daemon [_thread_blocked, id=38156, stack(0x0000000b25100000,0x0000000b25200000)]
  0x000001b79be75800 JavaThread "Signal Dispatcher" daemon [_thread_blocked, id=56576, stack(0x0000000b25200000,0x0000000b25300000)]
  0x000001b79be77800 JavaThread "Attach Listener" daemon [_thread_blocked, id=49100, stack(0x0000000b25300000,0x0000000b25400000)]
  0x000001b79be7a800 JavaThread "Service Thread" daemon [_thread_blocked, id=40684, stack(0x0000000b25400000,0x0000000b25500000)]
  0x000001b79c7e0800 JavaThread "C2 CompilerThread0" daemon [_thread_blocked, id=57772, stack(0x0000000b25500000,0x0000000b25600000)]
  0x000001b79c7e1800 JavaThread "C1 CompilerThread0" daemon [_thread_blocked, id=61992, stack(0x0000000b25600000,0x0000000b25700000)]
  0x000001b79c7f5000 JavaThread "Sweeper thread" daemon [_thread_blocked, id=48176, stack(0x0000000b25700000,0x0000000b25800000)]
  0x000001b79c941800 JavaThread "Common-Cleaner" daemon [_thread_blocked, id=59960, stack(0x0000000b25800000,0x0000000b25900000)]
  0x000001b79c942800 JavaThread "Daemon health stats" [_thread_blocked, id=49492, stack(0x0000000b25f00000,0x0000000b26000000)]
  0x000001b79c945000 JavaThread "Incoming local TCP Connector on port 60779" [_thread_in_native, id=53960, stack(0x0000000b26000000,0x0000000b26100000)]
  0x000001b79c944000 JavaThread "Daemon periodic checks" [_thread_blocked, id=2312, stack(0x0000000b26100000,0x0000000b26200000)]
  0x000001b79c943800 JavaThread "Daemon" [_thread_blocked, id=58228, stack(0x0000000b26200000,0x0000000b26300000)]
  0x000001b79c946000 JavaThread "Handler for socket connection from /127.0.0.1:60779 to /127.0.0.1:60780" [_thread_in_native, id=49376, stack(0x0000000b26300000,0x0000000b26400000)]
  0x000001b79c940000 JavaThread "Cancel handler" [_thread_blocked, id=60128, stack(0x0000000b26400000,0x0000000b26500000)]
  0x000001b79c946800 JavaThread "Daemon worker" [_thread_in_native, id=59356, stack(0x0000000b26500000,0x0000000b26600000)]
  0x000001b79c941000 JavaThread "Asynchronous log dispatcher for DefaultDaemonConnection: socket connection from /127.0.0.1:60779 to /127.0.0.1:60780" [_thread_blocked, id=59276, stack(0x0000000b26600000,0x0000000b26700000)]
  0x000001b79e777000 JavaThread "Stdin handler" [_thread_blocked, id=47472, stack(0x0000000b26700000,0x0000000b26800000)]
  0x000001b79e774000 JavaThread "Daemon client event forwarder" [_thread_blocked, id=42540, stack(0x0000000b26800000,0x0000000b26900000)]
  0x000001b79e775800 JavaThread "Cache worker for file hash cache (D:\.gradle\caches\6.9\fileHashes)" [_thread_blocked, id=52980, stack(0x0000000b26900000,0x0000000b26a00000)]
  0x000001b79e776000 JavaThread "File lock request listener" [_thread_in_native, id=30680, stack(0x0000000b26a00000,0x0000000b26b00000)]
  0x000001b79e778800 JavaThread "Cache worker for journal cache (D:\.gradle\caches\journal-1)" [_thread_blocked, id=59212, stack(0x0000000b26b00000,0x0000000b26c00000)]
=>0x000001b79d44e000 JavaThread "C2 CompilerThread1" daemon [_thread_in_native, id=43844, stack(0x0000000b26f00000,0x0000000b27000000)]

Other Threads:
  0x000001b79be33800 VMThread "VM Thread" [stack: 0x0000000b24f00000,0x0000000b25000000] [id=62216]
  0x000001b79c970000 WatcherThread [stack: 0x0000000b25900000,0x0000000b25a00000] [id=49632]
  0x000001b7ffb1a000 GCTaskThread "GC Thread#0" [stack: 0x0000000b24a00000,0x0000000b24b00000] [id=59972]
  0x000001b79d528800 GCTaskThread "GC Thread#1" [stack: 0x0000000b25a00000,0x0000000b25b00000] [id=62284]
  0x000001b79d38d800 GCTaskThread "GC Thread#2" [stack: 0x0000000b25b00000,0x0000000b25c00000] [id=58844]
  0x000001b79d38e000 GCTaskThread "GC Thread#3" [stack: 0x0000000b25c00000,0x0000000b25d00000] [id=2192]
  0x000001b79d4ea000 GCTaskThread "GC Thread#4" [stack: 0x0000000b25d00000,0x0000000b25e00000] [id=29924]
  0x000001b79d49c800 GCTaskThread "GC Thread#5" [stack: 0x0000000b25e00000,0x0000000b25f00000] [id=54712]
  0x000001b79ca13800 GCTaskThread "GC Thread#6" [stack: 0x0000000b26c00000,0x0000000b26d00000] [id=60264]
  0x000001b79d043800 GCTaskThread "GC Thread#7" [stack: 0x0000000b26d00000,0x0000000b26e00000] [id=56880]
  0x000001b7ffb2b800 ConcurrentGCThread "G1 Main Marker" [stack: 0x0000000b24b00000,0x0000000b24c00000] [id=20404]
  0x000001b7ffb2d000 ConcurrentGCThread "G1 Conc#0" [stack: 0x0000000b24c00000,0x0000000b24d00000] [id=61640]
  0x000001b79cbfb800 ConcurrentGCThread "G1 Conc#1" [stack: 0x0000000b26e00000,0x0000000b26f00000] [id=42520]
  0x000001b79bccc800 ConcurrentGCThread "G1 Refine#0" [stack: 0x0000000b24d00000,0x0000000b24e00000] [id=59832]
  0x000001b79bccd800 ConcurrentGCThread "G1 Young RemSet Sampling" [stack: 0x0000000b24e00000,0x0000000b24f00000] [id=41452]

Threads with active compile tasks:
C2 CompilerThread1  17898 2015       4       java.net.URLClassLoader$1::run (5 bytes)

VM state:not at safepoint (normal execution)

VM Mutex/Monitor currently owned by a thread: None

Heap address: 0x00000000e0000000, size: 512 MB, Compressed Oops mode: 32-bit
Narrow klass base: 0x0000000000000000, Narrow klass shift: 3
Compressed class space size: 260046848 Address: 0x0000000100000000

Heap:
 garbage-first heap   total 262144K, used 23317K [0x00000000e0000000, 0x0000000100000000)
  region size 1024K, 8 young (8192K), 1 survivors (1024K)
 Metaspace       used 22897K, capacity 23449K, committed 23552K, reserved 274432K
  class space    used 2898K, capacity 3065K, committed 3072K, reserved 253952K
Heap Regions: E=young(eden), S=young(survivor), O=old, HS=humongous(starts), HC=humongous(continues), CS=collection set, F=free, A=archive, TAMS=top-at-mark-start (previous, next)
|   0|0x00000000e0000000, 0x00000000e0100000, 0x00000000e0100000|100%| O|  |TAMS 0x00000000e0000000, 0x00000000e0000000| Untracked 
|   1|0x00000000e0100000, 0x00000000e0200000, 0x00000000e0200000|100%| O|  |TAMS 0x00000000e0100000, 0x00000000e0100000| Untracked 
|   2|0x00000000e0200000, 0x00000000e0300000, 0x00000000e0300000|100%| O|  |TAMS 0x00000000e0200000, 0x00000000e0200000| Untracked 
|   3|0x00000000e0300000, 0x00000000e0400000, 0x00000000e0400000|100%|HS|  |TAMS 0x00000000e0400000, 0x00000000e0300000| Complete 
|   4|0x00000000e0400000, 0x00000000e0500000, 0x00000000e0500000|100%|HC|  |TAMS 0x00000000e0500000, 0x00000000e0400000| Complete 
|   5|0x00000000e0500000, 0x00000000e0600000, 0x00000000e0600000|100%|HC|  |TAMS 0x00000000e0600000, 0x00000000e0500000| Complete 
|   6|0x00000000e0600000, 0x00000000e0700000, 0x00000000e0700000|100%| O|  |TAMS 0x00000000e0700000, 0x00000000e0600000| Untracked 
|   7|0x00000000e0700000, 0x00000000e0800000, 0x00000000e0800000|100%| O|  |TAMS 0x00000000e0800000, 0x00000000e0700000| Untracked 
|   8|0x00000000e0800000, 0x00000000e0900000, 0x00000000e0900000|100%| O|  |TAMS 0x00000000e0864c00, 0x00000000e0800000| Untracked 
|   9|0x00000000e0900000, 0x00000000e0a00000, 0x00000000e0a00000|100%| O|  |TAMS 0x00000000e0900000, 0x00000000e0900000| Untracked 
|  10|0x00000000e0a00000, 0x00000000e0b00000, 0x00000000e0b00000|100%| O|  |TAMS 0x00000000e0a00000, 0x00000000e0a00000| Untracked 
|  11|0x00000000e0b00000, 0x00000000e0c00000, 0x00000000e0c00000|100%| O|  |TAMS 0x00000000e0b00000, 0x00000000e0b00000| Untracked 
|  12|0x00000000e0c00000, 0x00000000e0d00000, 0x00000000e0d00000|100%| O|  |TAMS 0x00000000e0c00000, 0x00000000e0c00000| Untracked 
|  13|0x00000000e0d00000, 0x00000000e0e00000, 0x00000000e0e00000|100%| O|  |TAMS 0x00000000e0d00000, 0x00000000e0d00000| Untracked 
|  14|0x00000000e0e00000, 0x00000000e0f00000, 0x00000000e0f00000|100%| O|  |TAMS 0x00000000e0e00000, 0x00000000e0e00000| Untracked 
|  15|0x00000000e0f00000, 0x00000000e0fe7200, 0x00000000e1000000| 90%| O|  |TAMS 0x00000000e0f00000, 0x00000000e0f00000| Untracked 
|  16|0x00000000e1000000, 0x00000000e1000000, 0x00000000e1100000|  0%| F|  |TAMS 0x00000000e1000000, 0x00000000e1000000| Untracked 
|  17|0x00000000e1100000, 0x00000000e1100000, 0x00000000e1200000|  0%| F|  |TAMS 0x00000000e1100000, 0x00000000e1100000| Untracked 
|  18|0x00000000e1200000, 0x00000000e1200000, 0x00000000e1300000|  0%| F|  |TAMS 0x00000000e1200000, 0x00000000e1200000| Untracked 
|  19|0x00000000e1300000, 0x00000000e1300000, 0x00000000e1400000|  0%| F|  |TAMS 0x00000000e1300000, 0x00000000e1300000| Untracked 
|  20|0x00000000e1400000, 0x00000000e1400000, 0x00000000e1500000|  0%| F|  |TAMS 0x00000000e1400000, 0x00000000e1400000| Untracked 
|  21|0x00000000e1500000, 0x00000000e1500000, 0x00000000e1600000|  0%| F|  |TAMS 0x00000000e1500000, 0x00000000e1500000| Untracked 
|  22|0x00000000e1600000, 0x00000000e1600000, 0x00000000e1700000|  0%| F|  |TAMS 0x00000000e1600000, 0x00000000e1600000| Untracked 
|  23|0x00000000e1700000, 0x00000000e1700000, 0x00000000e1800000|  0%| F|  |TAMS 0x00000000e1700000, 0x00000000e1700000| Untracked 
|  24|0x00000000e1800000, 0x00000000e1800000, 0x00000000e1900000|  0%| F|  |TAMS 0x00000000e1800000, 0x00000000e1800000| Untracked 
|  25|0x00000000e1900000, 0x00000000e1900000, 0x00000000e1a00000|  0%| F|  |TAMS 0x00000000e1900000, 0x00000000e1900000| Untracked 
|  26|0x00000000e1a00000, 0x00000000e1a00000, 0x00000000e1b00000|  0%| F|  |TAMS 0x00000000e1a00000, 0x00000000e1a00000| Untracked 
|  27|0x00000000e1b00000, 0x00000000e1b00000, 0x00000000e1c00000|  0%| F|  |TAMS 0x00000000e1b00000, 0x00000000e1b00000| Untracked 
|  28|0x00000000e1c00000, 0x00000000e1c00000, 0x00000000e1d00000|  0%| F|  |TAMS 0x00000000e1c00000, 0x00000000e1c00000| Untracked 
|  29|0x00000000e1d00000, 0x00000000e1d00000, 0x00000000e1e00000|  0%| F|  |TAMS 0x00000000e1d00000, 0x00000000e1d00000| Untracked 
|  30|0x00000000e1e00000, 0x00000000e1e00000, 0x00000000e1f00000|  0%| F|  |TAMS 0x00000000e1e00000, 0x00000000e1e00000| Untracked 
|  31|0x00000000e1f00000, 0x00000000e1f00000, 0x00000000e2000000|  0%| F|  |TAMS 0x00000000e1f00000, 0x00000000e1f00000| Untracked 
|  32|0x00000000e2000000, 0x00000000e2000000, 0x00000000e2100000|  0%| F|  |TAMS 0x00000000e2000000, 0x00000000e2000000| Untracked 
|  33|0x00000000e2100000, 0x00000000e2100000, 0x00000000e2200000|  0%| F|  |TAMS 0x00000000e2100000, 0x00000000e2100000| Untracked 
|  34|0x00000000e2200000, 0x00000000e2200000, 0x00000000e2300000|  0%| F|  |TAMS 0x00000000e2200000, 0x00000000e2200000| Untracked 
|  35|0x00000000e2300000, 0x00000000e2300000, 0x00000000e2400000|  0%| F|  |TAMS 0x00000000e2300000, 0x00000000e2300000| Untracked 
|  36|0x00000000e2400000, 0x00000000e2400000, 0x00000000e2500000|  0%| F|  |TAMS 0x00000000e2400000, 0x00000000e2400000| Untracked 
|  37|0x00000000e2500000, 0x00000000e2500000, 0x00000000e2600000|  0%| F|  |TAMS 0x00000000e2500000, 0x00000000e2500000| Untracked 
|  38|0x00000000e2600000, 0x00000000e2600000, 0x00000000e2700000|  0%| F|  |TAMS 0x00000000e2600000, 0x00000000e2600000| Untracked 
|  39|0x00000000e2700000, 0x00000000e2700000, 0x00000000e2800000|  0%| F|  |TAMS 0x00000000e2700000, 0x00000000e2700000| Untracked 
|  40|0x00000000e2800000, 0x00000000e2800000, 0x00000000e2900000|  0%| F|  |TAMS 0x00000000e2800000, 0x00000000e2800000| Untracked 
|  41|0x00000000e2900000, 0x00000000e2900000, 0x00000000e2a00000|  0%| F|  |TAMS 0x00000000e2900000, 0x00000000e2900000| Untracked 
|  42|0x00000000e2a00000, 0x00000000e2a00000, 0x00000000e2b00000|  0%| F|  |TAMS 0x00000000e2a00000, 0x00000000e2a00000| Untracked 
|  43|0x00000000e2b00000, 0x00000000e2b00000, 0x00000000e2c00000|  0%| F|  |TAMS 0x00000000e2b00000, 0x00000000e2b00000| Untracked 
|  44|0x00000000e2c00000, 0x00000000e2c00000, 0x00000000e2d00000|  0%| F|  |TAMS 0x00000000e2c00000, 0x00000000e2c00000| Untracked 
|  45|0x00000000e2d00000, 0x00000000e2d00000, 0x00000000e2e00000|  0%| F|  |TAMS 0x00000000e2d00000, 0x00000000e2d00000| Untracked 
|  46|0x00000000e2e00000, 0x00000000e2e00000, 0x00000000e2f00000|  0%| F|  |TAMS 0x00000000e2e00000, 0x00000000e2e00000| Untracked 
|  47|0x00000000e2f00000, 0x00000000e2f00000, 0x00000000e3000000|  0%| F|  |TAMS 0x00000000e2f00000, 0x00000000e2f00000| Untracked 
|  48|0x00000000e3000000, 0x00000000e3000000, 0x00000000e3100000|  0%| F|  |TAMS 0x00000000e3000000, 0x00000000e3000000| Untracked 
|  49|0x00000000e3100000, 0x00000000e3100000, 0x00000000e3200000|  0%| F|  |TAMS 0x00000000e3100000, 0x00000000e3100000| Untracked 
|  50|0x00000000e3200000, 0x00000000e3200000, 0x00000000e3300000|  0%| F|  |TAMS 0x00000000e3200000, 0x00000000e3200000| Untracked 
|  51|0x00000000e3300000, 0x00000000e3300000, 0x00000000e3400000|  0%| F|  |TAMS 0x00000000e3300000, 0x00000000e3300000| Untracked 
|  52|0x00000000e3400000, 0x00000000e3400000, 0x00000000e3500000|  0%| F|  |TAMS 0x00000000e3400000, 0x00000000e3400000| Untracked 
|  53|0x00000000e3500000, 0x00000000e3500000, 0x00000000e3600000|  0%| F|  |TAMS 0x00000000e3500000, 0x00000000e3500000| Untracked 
|  54|0x00000000e3600000, 0x00000000e3600000, 0x00000000e3700000|  0%| F|  |TAMS 0x00000000e3600000, 0x00000000e3600000| Untracked 
|  55|0x00000000e3700000, 0x00000000e3700000, 0x00000000e3800000|  0%| F|  |TAMS 0x00000000e3700000, 0x00000000e3700000| Untracked 
|  56|0x00000000e3800000, 0x00000000e3800000, 0x00000000e3900000|  0%| F|  |TAMS 0x00000000e3800000, 0x00000000e3800000| Untracked 
|  57|0x00000000e3900000, 0x00000000e3900000, 0x00000000e3a00000|  0%| F|  |TAMS 0x00000000e3900000, 0x00000000e3900000| Untracked 
|  58|0x00000000e3a00000, 0x00000000e3a00000, 0x00000000e3b00000|  0%| F|  |TAMS 0x00000000e3a00000, 0x00000000e3a00000| Untracked 
|  59|0x00000000e3b00000, 0x00000000e3b00000, 0x00000000e3c00000|  0%| F|  |TAMS 0x00000000e3b00000, 0x00000000e3b00000| Untracked 
|  60|0x00000000e3c00000, 0x00000000e3c00000, 0x00000000e3d00000|  0%| F|  |TAMS 0x00000000e3c00000, 0x00000000e3c00000| Untracked 
|  61|0x00000000e3d00000, 0x00000000e3d00000, 0x00000000e3e00000|  0%| F|  |TAMS 0x00000000e3d00000, 0x00000000e3d00000| Untracked 
|  62|0x00000000e3e00000, 0x00000000e3e00000, 0x00000000e3f00000|  0%| F|  |TAMS 0x00000000e3e00000, 0x00000000e3e00000| Untracked 
|  63|0x00000000e3f00000, 0x00000000e3f00000, 0x00000000e4000000|  0%| F|  |TAMS 0x00000000e3f00000, 0x00000000e3f00000| Untracked 
|  64|0x00000000e4000000, 0x00000000e4000000, 0x00000000e4100000|  0%| F|  |TAMS 0x00000000e4000000, 0x00000000e4000000| Untracked 
|  65|0x00000000e4100000, 0x00000000e4100000, 0x00000000e4200000|  0%| F|  |TAMS 0x00000000e4100000, 0x00000000e4100000| Untracked 
|  66|0x00000000e4200000, 0x00000000e4200000, 0x00000000e4300000|  0%| F|  |TAMS 0x00000000e4200000, 0x00000000e4200000| Untracked 
|  67|0x00000000e4300000, 0x00000000e4300000, 0x00000000e4400000|  0%| F|  |TAMS 0x00000000e4300000, 0x00000000e4300000| Untracked 
|  68|0x00000000e4400000, 0x00000000e4400000, 0x00000000e4500000|  0%| F|  |TAMS 0x00000000e4400000, 0x00000000e4400000| Untracked 
|  69|0x00000000e4500000, 0x00000000e4500000, 0x00000000e4600000|  0%| F|  |TAMS 0x00000000e4500000, 0x00000000e4500000| Untracked 
|  70|0x00000000e4600000, 0x00000000e4600000, 0x00000000e4700000|  0%| F|  |TAMS 0x00000000e4600000, 0x00000000e4600000| Untracked 
|  71|0x00000000e4700000, 0x00000000e4700000, 0x00000000e4800000|  0%| F|  |TAMS 0x00000000e4700000, 0x00000000e4700000| Untracked 
|  72|0x00000000e4800000, 0x00000000e4800000, 0x00000000e4900000|  0%| F|  |TAMS 0x00000000e4800000, 0x00000000e4800000| Untracked 
|  73|0x00000000e4900000, 0x00000000e4900000, 0x00000000e4a00000|  0%| F|  |TAMS 0x00000000e4900000, 0x00000000e4900000| Untracked 
|  74|0x00000000e4a00000, 0x00000000e4a00000, 0x00000000e4b00000|  0%| F|  |TAMS 0x00000000e4a00000, 0x00000000e4a00000| Untracked 
|  75|0x00000000e4b00000, 0x00000000e4b00000, 0x00000000e4c00000|  0%| F|  |TAMS 0x00000000e4b00000, 0x00000000e4b00000| Untracked 
|  76|0x00000000e4c00000, 0x00000000e4c00000, 0x00000000e4d00000|  0%| F|  |TAMS 0x00000000e4c00000, 0x00000000e4c00000| Untracked 
|  77|0x00000000e4d00000, 0x00000000e4d00000, 0x00000000e4e00000|  0%| F|  |TAMS 0x00000000e4d00000, 0x00000000e4d00000| Untracked 
|  78|0x00000000e4e00000, 0x00000000e4e00000, 0x00000000e4f00000|  0%| F|  |TAMS 0x00000000e4e00000, 0x00000000e4e00000| Untracked 
|  79|0x00000000e4f00000, 0x00000000e4f00000, 0x00000000e5000000|  0%| F|  |TAMS 0x00000000e4f00000, 0x00000000e4f00000| Untracked 
|  80|0x00000000e5000000, 0x00000000e5000000, 0x00000000e5100000|  0%| F|  |TAMS 0x00000000e5000000, 0x00000000e5000000| Untracked 
|  81|0x00000000e5100000, 0x00000000e5100000, 0x00000000e5200000|  0%| F|  |TAMS 0x00000000e5100000, 0x00000000e5100000| Untracked 
|  82|0x00000000e5200000, 0x00000000e5200000, 0x00000000e5300000|  0%| F|  |TAMS 0x00000000e5200000, 0x00000000e5200000| Untracked 
|  83|0x00000000e5300000, 0x00000000e5300000, 0x00000000e5400000|  0%| F|  |TAMS 0x00000000e5300000, 0x00000000e5300000| Untracked 
|  84|0x00000000e5400000, 0x00000000e5400000, 0x00000000e5500000|  0%| F|  |TAMS 0x00000000e5400000, 0x00000000e5400000| Untracked 
|  85|0x00000000e5500000, 0x00000000e5500000, 0x00000000e5600000|  0%| F|  |TAMS 0x00000000e5500000, 0x00000000e5500000| Untracked 
|  86|0x00000000e5600000, 0x00000000e5600000, 0x00000000e5700000|  0%| F|  |TAMS 0x00000000e5600000, 0x00000000e5600000| Untracked 
|  87|0x00000000e5700000, 0x00000000e5700000, 0x00000000e5800000|  0%| F|  |TAMS 0x00000000e5700000, 0x00000000e5700000| Untracked 
|  88|0x00000000e5800000, 0x00000000e5800000, 0x00000000e5900000|  0%| F|  |TAMS 0x00000000e5800000, 0x00000000e5800000| Untracked 
|  89|0x00000000e5900000, 0x00000000e5900000, 0x00000000e5a00000|  0%| F|  |TAMS 0x00000000e5900000, 0x00000000e5900000| Untracked 
|  90|0x00000000e5a00000, 0x00000000e5a00000, 0x00000000e5b00000|  0%| F|  |TAMS 0x00000000e5a00000, 0x00000000e5a00000| Untracked 
|  91|0x00000000e5b00000, 0x00000000e5b00000, 0x00000000e5c00000|  0%| F|  |TAMS 0x00000000e5b00000, 0x00000000e5b00000| Untracked 
|  92|0x00000000e5c00000, 0x00000000e5c00000, 0x00000000e5d00000|  0%| F|  |TAMS 0x00000000e5c00000, 0x00000000e5c00000| Untracked 
|  93|0x00000000e5d00000, 0x00000000e5d00000, 0x00000000e5e00000|  0%| F|  |TAMS 0x00000000e5d00000, 0x00000000e5d00000| Untracked 
|  94|0x00000000e5e00000, 0x00000000e5e00000, 0x00000000e5f00000|  0%| F|  |TAMS 0x00000000e5e00000, 0x00000000e5e00000| Untracked 
|  95|0x00000000e5f00000, 0x00000000e5f00000, 0x00000000e6000000|  0%| F|  |TAMS 0x00000000e5f00000, 0x00000000e5f00000| Untracked 
|  96|0x00000000e6000000, 0x00000000e6000000, 0x00000000e6100000|  0%| F|  |TAMS 0x00000000e6000000, 0x00000000e6000000| Untracked 
|  97|0x00000000e6100000, 0x00000000e6100000, 0x00000000e6200000|  0%| F|  |TAMS 0x00000000e6100000, 0x00000000e6100000| Untracked 
|  98|0x00000000e6200000, 0x00000000e6200000, 0x00000000e6300000|  0%| F|  |TAMS 0x00000000e6200000, 0x00000000e6200000| Untracked 
|  99|0x00000000e6300000, 0x00000000e6300000, 0x00000000e6400000|  0%| F|  |TAMS 0x00000000e6300000, 0x00000000e6300000| Untracked 
| 100|0x00000000e6400000, 0x00000000e6400000, 0x00000000e6500000|  0%| F|  |TAMS 0x00000000e6400000, 0x00000000e6400000| Untracked 
| 101|0x00000000e6500000, 0x00000000e6500000, 0x00000000e6600000|  0%| F|  |TAMS 0x00000000e6500000, 0x00000000e6500000| Untracked 
| 102|0x00000000e6600000, 0x00000000e6600000, 0x00000000e6700000|  0%| F|  |TAMS 0x00000000e6600000, 0x00000000e6600000| Untracked 
| 103|0x00000000e6700000, 0x00000000e6700000, 0x00000000e6800000|  0%| F|  |TAMS 0x00000000e6700000, 0x00000000e6700000| Untracked 
| 104|0x00000000e6800000, 0x00000000e6800000, 0x00000000e6900000|  0%| F|  |TAMS 0x00000000e6800000, 0x00000000e6800000| Untracked 
| 105|0x00000000e6900000, 0x00000000e6900000, 0x00000000e6a00000|  0%| F|  |TAMS 0x00000000e6900000, 0x00000000e6900000| Untracked 
| 106|0x00000000e6a00000, 0x00000000e6a00000, 0x00000000e6b00000|  0%| F|  |TAMS 0x00000000e6a00000, 0x00000000e6a00000| Untracked 
| 107|0x00000000e6b00000, 0x00000000e6b00000, 0x00000000e6c00000|  0%| F|  |TAMS 0x00000000e6b00000, 0x00000000e6b00000| Untracked 
| 108|0x00000000e6c00000, 0x00000000e6c00000, 0x00000000e6d00000|  0%| F|  |TAMS 0x00000000e6c00000, 0x00000000e6c00000| Untracked 
| 109|0x00000000e6d00000, 0x00000000e6d00000, 0x00000000e6e00000|  0%| F|  |TAMS 0x00000000e6d00000, 0x00000000e6d00000| Untracked 
| 110|0x00000000e6e00000, 0x00000000e6e00000, 0x00000000e6f00000|  0%| F|  |TAMS 0x00000000e6e00000, 0x00000000e6e00000| Untracked 
| 111|0x00000000e6f00000, 0x00000000e6f00000, 0x00000000e7000000|  0%| F|  |TAMS 0x00000000e6f00000, 0x00000000e6f00000| Untracked 
| 112|0x00000000e7000000, 0x00000000e7000000, 0x00000000e7100000|  0%| F|  |TAMS 0x00000000e7000000, 0x00000000e7000000| Untracked 
| 113|0x00000000e7100000, 0x00000000e7100000, 0x00000000e7200000|  0%| F|  |TAMS 0x00000000e7100000, 0x00000000e7100000| Untracked 
| 114|0x00000000e7200000, 0x00000000e7200000, 0x00000000e7300000|  0%| F|  |TAMS 0x00000000e7200000, 0x00000000e7200000| Untracked 
| 115|0x00000000e7300000, 0x00000000e7300000, 0x00000000e7400000|  0%| F|  |TAMS 0x00000000e7300000, 0x00000000e7300000| Untracked 
| 116|0x00000000e7400000, 0x00000000e7400000, 0x00000000e7500000|  0%| F|  |TAMS 0x00000000e7400000, 0x00000000e7400000| Untracked 
| 117|0x00000000e7500000, 0x00000000e7500000, 0x00000000e7600000|  0%| F|  |TAMS 0x00000000e7500000, 0x00000000e7500000| Untracked 
| 118|0x00000000e7600000, 0x00000000e7600000, 0x00000000e7700000|  0%| F|  |TAMS 0x00000000e7600000, 0x00000000e7600000| Untracked 
| 119|0x00000000e7700000, 0x00000000e7700000, 0x00000000e7800000|  0%| F|  |TAMS 0x00000000e7700000, 0x00000000e7700000| Untracked 
| 120|0x00000000e7800000, 0x00000000e7800000, 0x00000000e7900000|  0%| F|  |TAMS 0x00000000e7800000, 0x00000000e7800000| Untracked 
| 121|0x00000000e7900000, 0x00000000e7900000, 0x00000000e7a00000|  0%| F|  |TAMS 0x00000000e7900000, 0x00000000e7900000| Untracked 
| 122|0x00000000e7a00000, 0x00000000e7a00000, 0x00000000e7b00000|  0%| F|  |TAMS 0x00000000e7a00000, 0x00000000e7a00000| Untracked 
| 123|0x00000000e7b00000, 0x00000000e7b00000, 0x00000000e7c00000|  0%| F|  |TAMS 0x00000000e7b00000, 0x00000000e7b00000| Untracked 
| 124|0x00000000e7c00000, 0x00000000e7c00000, 0x00000000e7d00000|  0%| F|  |TAMS 0x00000000e7c00000, 0x00000000e7c00000| Untracked 
| 125|0x00000000e7d00000, 0x00000000e7d00000, 0x00000000e7e00000|  0%| F|  |TAMS 0x00000000e7d00000, 0x00000000e7d00000| Untracked 
| 126|0x00000000e7e00000, 0x00000000e7e00000, 0x00000000e7f00000|  0%| F|  |TAMS 0x00000000e7e00000, 0x00000000e7e00000| Untracked 
| 127|0x00000000e7f00000, 0x00000000e7f00000, 0x00000000e8000000|  0%| F|  |TAMS 0x00000000e7f00000, 0x00000000e7f00000| Untracked 
| 128|0x00000000e8000000, 0x00000000e8000000, 0x00000000e8100000|  0%| F|  |TAMS 0x00000000e8000000, 0x00000000e8000000| Untracked 
| 129|0x00000000e8100000, 0x00000000e8100000, 0x00000000e8200000|  0%| F|  |TAMS 0x00000000e8100000, 0x00000000e8100000| Untracked 
| 130|0x00000000e8200000, 0x00000000e8200000, 0x00000000e8300000|  0%| F|  |TAMS 0x00000000e8200000, 0x00000000e8200000| Untracked 
| 131|0x00000000e8300000, 0x00000000e8300000, 0x00000000e8400000|  0%| F|  |TAMS 0x00000000e8300000, 0x00000000e8300000| Untracked 
| 132|0x00000000e8400000, 0x00000000e8400000, 0x00000000e8500000|  0%| F|  |TAMS 0x00000000e8400000, 0x00000000e8400000| Untracked 
| 133|0x00000000e8500000, 0x00000000e8500000, 0x00000000e8600000|  0%| F|  |TAMS 0x00000000e8500000, 0x00000000e8500000| Untracked 
| 134|0x00000000e8600000, 0x00000000e8600000, 0x00000000e8700000|  0%| F|  |TAMS 0x00000000e8600000, 0x00000000e8600000| Untracked 
| 135|0x00000000e8700000, 0x00000000e8700000, 0x00000000e8800000|  0%| F|  |TAMS 0x00000000e8700000, 0x00000000e8700000| Untracked 
| 136|0x00000000e8800000, 0x00000000e8800000, 0x00000000e8900000|  0%| F|  |TAMS 0x00000000e8800000, 0x00000000e8800000| Untracked 
| 137|0x00000000e8900000, 0x00000000e8900000, 0x00000000e8a00000|  0%| F|  |TAMS 0x00000000e8900000, 0x00000000e8900000| Untracked 
| 138|0x00000000e8a00000, 0x00000000e8a00000, 0x00000000e8b00000|  0%| F|  |TAMS 0x00000000e8a00000, 0x00000000e8a00000| Untracked 
| 139|0x00000000e8b00000, 0x00000000e8b00000, 0x00000000e8c00000|  0%| F|  |TAMS 0x00000000e8b00000, 0x00000000e8b00000| Untracked 
| 140|0x00000000e8c00000, 0x00000000e8c00000, 0x00000000e8d00000|  0%| F|  |TAMS 0x00000000e8c00000, 0x00000000e8c00000| Untracked 
| 141|0x00000000e8d00000, 0x00000000e8d00000, 0x00000000e8e00000|  0%| F|  |TAMS 0x00000000e8d00000, 0x00000000e8d00000| Untracked 
| 142|0x00000000e8e00000, 0x00000000e8e00000, 0x00000000e8f00000|  0%| F|  |TAMS 0x00000000e8e00000, 0x00000000e8e00000| Untracked 
| 143|0x00000000e8f00000, 0x00000000e8f00000, 0x00000000e9000000|  0%| F|  |TAMS 0x00000000e8f00000, 0x00000000e8f00000| Untracked 
| 144|0x00000000e9000000, 0x00000000e9000000, 0x00000000e9100000|  0%| F|  |TAMS 0x00000000e9000000, 0x00000000e9000000| Untracked 
| 145|0x00000000e9100000, 0x00000000e9100000, 0x00000000e9200000|  0%| F|  |TAMS 0x00000000e9100000, 0x00000000e9100000| Untracked 
| 146|0x00000000e9200000, 0x00000000e9200000, 0x00000000e9300000|  0%| F|  |TAMS 0x00000000e9200000, 0x00000000e9200000| Untracked 
| 147|0x00000000e9300000, 0x00000000e9300000, 0x00000000e9400000|  0%| F|  |TAMS 0x00000000e9300000, 0x00000000e9300000| Untracked 
| 148|0x00000000e9400000, 0x00000000e9400000, 0x00000000e9500000|  0%| F|  |TAMS 0x00000000e9400000, 0x00000000e9400000| Untracked 
| 149|0x00000000e9500000, 0x00000000e9500000, 0x00000000e9600000|  0%| F|  |TAMS 0x00000000e9500000, 0x00000000e9500000| Untracked 
| 150|0x00000000e9600000, 0x00000000e9600000, 0x00000000e9700000|  0%| F|  |TAMS 0x00000000e9600000, 0x00000000e9600000| Untracked 
| 151|0x00000000e9700000, 0x00000000e9700000, 0x00000000e9800000|  0%| F|  |TAMS 0x00000000e9700000, 0x00000000e9700000| Untracked 
| 152|0x00000000e9800000, 0x00000000e9800000, 0x00000000e9900000|  0%| F|  |TAMS 0x00000000e9800000, 0x00000000e9800000| Untracked 
| 153|0x00000000e9900000, 0x00000000e9900000, 0x00000000e9a00000|  0%| F|  |TAMS 0x00000000e9900000, 0x00000000e9900000| Untracked 
| 154|0x00000000e9a00000, 0x00000000e9a00000, 0x00000000e9b00000|  0%| F|  |TAMS 0x00000000e9a00000, 0x00000000e9a00000| Untracked 
| 155|0x00000000e9b00000, 0x00000000e9b00000, 0x00000000e9c00000|  0%| F|  |TAMS 0x00000000e9b00000, 0x00000000e9b00000| Untracked 
| 156|0x00000000e9c00000, 0x00000000e9c00000, 0x00000000e9d00000|  0%| F|  |TAMS 0x00000000e9c00000, 0x00000000e9c00000| Untracked 
| 157|0x00000000e9d00000, 0x00000000e9d00000, 0x00000000e9e00000|  0%| F|  |TAMS 0x00000000e9d00000, 0x00000000e9d00000| Untracked 
| 158|0x00000000e9e00000, 0x00000000e9e00000, 0x00000000e9f00000|  0%| F|  |TAMS 0x00000000e9e00000, 0x00000000e9e00000| Untracked 
| 159|0x00000000e9f00000, 0x00000000e9f00000, 0x00000000ea000000|  0%| F|  |TAMS 0x00000000e9f00000, 0x00000000e9f00000| Untracked 
| 160|0x00000000ea000000, 0x00000000ea000000, 0x00000000ea100000|  0%| F|  |TAMS 0x00000000ea000000, 0x00000000ea000000| Untracked 
| 161|0x00000000ea100000, 0x00000000ea100000, 0x00000000ea200000|  0%| F|  |TAMS 0x00000000ea100000, 0x00000000ea100000| Untracked 
| 162|0x00000000ea200000, 0x00000000ea200000, 0x00000000ea300000|  0%| F|  |TAMS 0x00000000ea200000, 0x00000000ea200000| Untracked 
| 163|0x00000000ea300000, 0x00000000ea300000, 0x00000000ea400000|  0%| F|  |TAMS 0x00000000ea300000, 0x00000000ea300000| Untracked 
| 164|0x00000000ea400000, 0x00000000ea400000, 0x00000000ea500000|  0%| F|  |TAMS 0x00000000ea400000, 0x00000000ea400000| Untracked 
| 165|0x00000000ea500000, 0x00000000ea500000, 0x00000000ea600000|  0%| F|  |TAMS 0x00000000ea500000, 0x00000000ea500000| Untracked 
| 166|0x00000000ea600000, 0x00000000ea600000, 0x00000000ea700000|  0%| F|  |TAMS 0x00000000ea600000, 0x00000000ea600000| Untracked 
| 167|0x00000000ea700000, 0x00000000ea700000, 0x00000000ea800000|  0%| F|  |TAMS 0x00000000ea700000, 0x00000000ea700000| Untracked 
| 168|0x00000000ea800000, 0x00000000ea800000, 0x00000000ea900000|  0%| F|  |TAMS 0x00000000ea800000, 0x00000000ea800000| Untracked 
| 169|0x00000000ea900000, 0x00000000ea900000, 0x00000000eaa00000|  0%| F|  |TAMS 0x00000000ea900000, 0x00000000ea900000| Untracked 
| 170|0x00000000eaa00000, 0x00000000eaa00000, 0x00000000eab00000|  0%| F|  |TAMS 0x00000000eaa00000, 0x00000000eaa00000| Untracked 
| 171|0x00000000eab00000, 0x00000000eab00000, 0x00000000eac00000|  0%| F|  |TAMS 0x00000000eab00000, 0x00000000eab00000| Untracked 
| 172|0x00000000eac00000, 0x00000000eac00000, 0x00000000ead00000|  0%| F|  |TAMS 0x00000000eac00000, 0x00000000eac00000| Untracked 
| 173|0x00000000ead00000, 0x00000000ead00000, 0x00000000eae00000|  0%| F|  |TAMS 0x00000000ead00000, 0x00000000ead00000| Untracked 
| 174|0x00000000eae00000, 0x00000000eae00000, 0x00000000eaf00000|  0%| F|  |TAMS 0x00000000eae00000, 0x00000000eae00000| Untracked 
| 175|0x00000000eaf00000, 0x00000000eaf00000, 0x00000000eb000000|  0%| F|  |TAMS 0x00000000eaf00000, 0x00000000eaf00000| Untracked 
| 176|0x00000000eb000000, 0x00000000eb000000, 0x00000000eb100000|  0%| F|  |TAMS 0x00000000eb000000, 0x00000000eb000000| Untracked 
| 177|0x00000000eb100000, 0x00000000eb100000, 0x00000000eb200000|  0%| F|  |TAMS 0x00000000eb100000, 0x00000000eb100000| Untracked 
| 178|0x00000000eb200000, 0x00000000eb200000, 0x00000000eb300000|  0%| F|  |TAMS 0x00000000eb200000, 0x00000000eb200000| Untracked 
| 179|0x00000000eb300000, 0x00000000eb300000, 0x00000000eb400000|  0%| F|  |TAMS 0x00000000eb300000, 0x00000000eb300000| Untracked 
| 180|0x00000000eb400000, 0x00000000eb400000, 0x00000000eb500000|  0%| F|  |TAMS 0x00000000eb400000, 0x00000000eb400000| Untracked 
| 181|0x00000000eb500000, 0x00000000eb500000, 0x00000000eb600000|  0%| F|  |TAMS 0x00000000eb500000, 0x00000000eb500000| Untracked 
| 182|0x00000000eb600000, 0x00000000eb600000, 0x00000000eb700000|  0%| F|  |TAMS 0x00000000eb600000, 0x00000000eb600000| Untracked 
| 183|0x00000000eb700000, 0x00000000eb700000, 0x00000000eb800000|  0%| F|  |TAMS 0x00000000eb700000, 0x00000000eb700000| Untracked 
| 184|0x00000000eb800000, 0x00000000eb800000, 0x00000000eb900000|  0%| F|  |TAMS 0x00000000eb800000, 0x00000000eb800000| Untracked 
| 185|0x00000000eb900000, 0x00000000eb900000, 0x00000000eba00000|  0%| F|  |TAMS 0x00000000eb900000, 0x00000000eb900000| Untracked 
| 186|0x00000000eba00000, 0x00000000eba00000, 0x00000000ebb00000|  0%| F|  |TAMS 0x00000000eba00000, 0x00000000eba00000| Untracked 
| 187|0x00000000ebb00000, 0x00000000ebb00000, 0x00000000ebc00000|  0%| F|  |TAMS 0x00000000ebb00000, 0x00000000ebb00000| Untracked 
| 188|0x00000000ebc00000, 0x00000000ebc00000, 0x00000000ebd00000|  0%| F|  |TAMS 0x00000000ebc00000, 0x00000000ebc00000| Untracked 
| 189|0x00000000ebd00000, 0x00000000ebd00000, 0x00000000ebe00000|  0%| F|  |TAMS 0x00000000ebd00000, 0x00000000ebd00000| Untracked 
| 190|0x00000000ebe00000, 0x00000000ebe00000, 0x00000000ebf00000|  0%| F|  |TAMS 0x00000000ebe00000, 0x00000000ebe00000| Untracked 
| 191|0x00000000ebf00000, 0x00000000ebf00000, 0x00000000ec000000|  0%| F|  |TAMS 0x00000000ebf00000, 0x00000000ebf00000| Untracked 
| 192|0x00000000ec000000, 0x00000000ec000000, 0x00000000ec100000|  0%| F|  |TAMS 0x00000000ec000000, 0x00000000ec000000| Untracked 
| 193|0x00000000ec100000, 0x00000000ec100000, 0x00000000ec200000|  0%| F|  |TAMS 0x00000000ec100000, 0x00000000ec100000| Untracked 
| 194|0x00000000ec200000, 0x00000000ec200000, 0x00000000ec300000|  0%| F|  |TAMS 0x00000000ec200000, 0x00000000ec200000| Untracked 
| 195|0x00000000ec300000, 0x00000000ec300000, 0x00000000ec400000|  0%| F|  |TAMS 0x00000000ec300000, 0x00000000ec300000| Untracked 
| 196|0x00000000ec400000, 0x00000000ec400000, 0x00000000ec500000|  0%| F|  |TAMS 0x00000000ec400000, 0x00000000ec400000| Untracked 
| 197|0x00000000ec500000, 0x00000000ec500000, 0x00000000ec600000|  0%| F|  |TAMS 0x00000000ec500000, 0x00000000ec500000| Untracked 
| 198|0x00000000ec600000, 0x00000000ec600000, 0x00000000ec700000|  0%| F|  |TAMS 0x00000000ec600000, 0x00000000ec600000| Untracked 
| 199|0x00000000ec700000, 0x00000000ec700000, 0x00000000ec800000|  0%| F|  |TAMS 0x00000000ec700000, 0x00000000ec700000| Untracked 
| 200|0x00000000ec800000, 0x00000000ec800000, 0x00000000ec900000|  0%| F|  |TAMS 0x00000000ec800000, 0x00000000ec800000| Untracked 
| 201|0x00000000ec900000, 0x00000000ec900000, 0x00000000eca00000|  0%| F|  |TAMS 0x00000000ec900000, 0x00000000ec900000| Untracked 
| 202|0x00000000eca00000, 0x00000000eca00000, 0x00000000ecb00000|  0%| F|  |TAMS 0x00000000eca00000, 0x00000000eca00000| Untracked 
| 203|0x00000000ecb00000, 0x00000000ecb00000, 0x00000000ecc00000|  0%| F|  |TAMS 0x00000000ecb00000, 0x00000000ecb00000| Untracked 
| 204|0x00000000ecc00000, 0x00000000ecc00000, 0x00000000ecd00000|  0%| F|  |TAMS 0x00000000ecc00000, 0x00000000ecc00000| Untracked 
| 205|0x00000000ecd00000, 0x00000000ecd00000, 0x00000000ece00000|  0%| F|  |TAMS 0x00000000ecd00000, 0x00000000ecd00000| Untracked 
| 206|0x00000000ece00000, 0x00000000ece00000, 0x00000000ecf00000|  0%| F|  |TAMS 0x00000000ece00000, 0x00000000ece00000| Untracked 
| 207|0x00000000ecf00000, 0x00000000ecf00000, 0x00000000ed000000|  0%| F|  |TAMS 0x00000000ecf00000, 0x00000000ecf00000| Untracked 
| 208|0x00000000ed000000, 0x00000000ed000000, 0x00000000ed100000|  0%| F|  |TAMS 0x00000000ed000000, 0x00000000ed000000| Untracked 
| 209|0x00000000ed100000, 0x00000000ed100000, 0x00000000ed200000|  0%| F|  |TAMS 0x00000000ed100000, 0x00000000ed100000| Untracked 
| 210|0x00000000ed200000, 0x00000000ed200000, 0x00000000ed300000|  0%| F|  |TAMS 0x00000000ed200000, 0x00000000ed200000| Untracked 
| 211|0x00000000ed300000, 0x00000000ed300000, 0x00000000ed400000|  0%| F|  |TAMS 0x00000000ed300000, 0x00000000ed300000| Untracked 
| 212|0x00000000ed400000, 0x00000000ed400000, 0x00000000ed500000|  0%| F|  |TAMS 0x00000000ed400000, 0x00000000ed400000| Untracked 
| 213|0x00000000ed500000, 0x00000000ed500000, 0x00000000ed600000|  0%| F|  |TAMS 0x00000000ed500000, 0x00000000ed500000| Untracked 
| 214|0x00000000ed600000, 0x00000000ed600000, 0x00000000ed700000|  0%| F|  |TAMS 0x00000000ed600000, 0x00000000ed600000| Untracked 
| 215|0x00000000ed700000, 0x00000000ed700000, 0x00000000ed800000|  0%| F|  |TAMS 0x00000000ed700000, 0x00000000ed700000| Untracked 
| 216|0x00000000ed800000, 0x00000000ed800000, 0x00000000ed900000|  0%| F|  |TAMS 0x00000000ed800000, 0x00000000ed800000| Untracked 
| 217|0x00000000ed900000, 0x00000000ed900000, 0x00000000eda00000|  0%| F|  |TAMS 0x00000000ed900000, 0x00000000ed900000| Untracked 
| 218|0x00000000eda00000, 0x00000000eda00000, 0x00000000edb00000|  0%| F|  |TAMS 0x00000000eda00000, 0x00000000eda00000| Untracked 
| 219|0x00000000edb00000, 0x00000000edb00000, 0x00000000edc00000|  0%| F|  |TAMS 0x00000000edb00000, 0x00000000edb00000| Untracked 
| 220|0x00000000edc00000, 0x00000000edc00000, 0x00000000edd00000|  0%| F|  |TAMS 0x00000000edc00000, 0x00000000edc00000| Untracked 
| 221|0x00000000edd00000, 0x00000000edd00000, 0x00000000ede00000|  0%| F|  |TAMS 0x00000000edd00000, 0x00000000edd00000| Untracked 
| 222|0x00000000ede00000, 0x00000000ede00000, 0x00000000edf00000|  0%| F|  |TAMS 0x00000000ede00000, 0x00000000ede00000| Untracked 
| 223|0x00000000edf00000, 0x00000000edf00000, 0x00000000ee000000|  0%| F|  |TAMS 0x00000000edf00000, 0x00000000edf00000| Untracked 
| 224|0x00000000ee000000, 0x00000000ee000000, 0x00000000ee100000|  0%| F|  |TAMS 0x00000000ee000000, 0x00000000ee000000| Untracked 
| 225|0x00000000ee100000, 0x00000000ee100000, 0x00000000ee200000|  0%| F|  |TAMS 0x00000000ee100000, 0x00000000ee100000| Untracked 
| 226|0x00000000ee200000, 0x00000000ee200000, 0x00000000ee300000|  0%| F|  |TAMS 0x00000000ee200000, 0x00000000ee200000| Untracked 
| 227|0x00000000ee300000, 0x00000000ee300000, 0x00000000ee400000|  0%| F|  |TAMS 0x00000000ee300000, 0x00000000ee300000| Untracked 
| 228|0x00000000ee400000, 0x00000000ee400000, 0x00000000ee500000|  0%| F|  |TAMS 0x00000000ee400000, 0x00000000ee400000| Untracked 
| 229|0x00000000ee500000, 0x00000000ee500000, 0x00000000ee600000|  0%| F|  |TAMS 0x00000000ee500000, 0x00000000ee500000| Untracked 
| 230|0x00000000ee600000, 0x00000000ee600000, 0x00000000ee700000|  0%| F|  |TAMS 0x00000000ee600000, 0x00000000ee600000| Untracked 
| 231|0x00000000ee700000, 0x00000000ee700000, 0x00000000ee800000|  0%| F|  |TAMS 0x00000000ee700000, 0x00000000ee700000| Untracked 
| 232|0x00000000ee800000, 0x00000000ee800000, 0x00000000ee900000|  0%| F|  |TAMS 0x00000000ee800000, 0x00000000ee800000| Untracked 
| 233|0x00000000ee900000, 0x00000000ee900000, 0x00000000eea00000|  0%| F|  |TAMS 0x00000000ee900000, 0x00000000ee900000| Untracked 
| 234|0x00000000eea00000, 0x00000000eea00000, 0x00000000eeb00000|  0%| F|  |TAMS 0x00000000eea00000, 0x00000000eea00000| Untracked 
| 235|0x00000000eeb00000, 0x00000000eeb00000, 0x00000000eec00000|  0%| F|  |TAMS 0x00000000eeb00000, 0x00000000eeb00000| Untracked 
| 236|0x00000000eec00000, 0x00000000eec00000, 0x00000000eed00000|  0%| F|  |TAMS 0x00000000eec00000, 0x00000000eec00000| Untracked 
| 237|0x00000000eed00000, 0x00000000eed00000, 0x00000000eee00000|  0%| F|  |TAMS 0x00000000eed00000, 0x00000000eed00000| Untracked 
| 238|0x00000000eee00000, 0x00000000eee00000, 0x00000000eef00000|  0%| F|  |TAMS 0x00000000eee00000, 0x00000000eee00000| Untracked 
| 239|0x00000000eef00000, 0x00000000eef00000, 0x00000000ef000000|  0%| F|  |TAMS 0x00000000eef00000, 0x00000000eef00000| Untracked 
| 240|0x00000000ef000000, 0x00000000ef0de200, 0x00000000ef100000| 86%| S|CS|TAMS 0x00000000ef000000, 0x00000000ef000000| Complete 
| 241|0x00000000ef100000, 0x00000000ef100000, 0x00000000ef200000|  0%| F|  |TAMS 0x00000000ef100000, 0x00000000ef100000| Untracked 
| 242|0x00000000ef200000, 0x00000000ef200000, 0x00000000ef300000|  0%| F|  |TAMS 0x00000000ef200000, 0x00000000ef200000| Untracked 
| 243|0x00000000ef300000, 0x00000000ef300000, 0x00000000ef400000|  0%| F|  |TAMS 0x00000000ef300000, 0x00000000ef300000| Untracked 
| 244|0x00000000ef400000, 0x00000000ef400000, 0x00000000ef500000|  0%| F|  |TAMS 0x00000000ef400000, 0x00000000ef400000| Untracked 
| 245|0x00000000ef500000, 0x00000000ef500000, 0x00000000ef600000|  0%| F|  |TAMS 0x00000000ef500000, 0x00000000ef500000| Untracked 
| 246|0x00000000ef600000, 0x00000000ef600000, 0x00000000ef700000|  0%| F|  |TAMS 0x00000000ef600000, 0x00000000ef600000| Untracked 
| 247|0x00000000ef700000, 0x00000000ef700000, 0x00000000ef800000|  0%| F|  |TAMS 0x00000000ef700000, 0x00000000ef700000| Untracked 
| 248|0x00000000ef800000, 0x00000000ef800000, 0x00000000ef900000|  0%| F|  |TAMS 0x00000000ef800000, 0x00000000ef800000| Untracked 
| 249|0x00000000ef900000, 0x00000000efa00000, 0x00000000efa00000|100%| E|  |TAMS 0x00000000ef900000, 0x00000000ef900000| Complete 
| 250|0x00000000efa00000, 0x00000000efb00000, 0x00000000efb00000|100%| E|CS|TAMS 0x00000000efa00000, 0x00000000efa00000| Complete 
| 251|0x00000000efb00000, 0x00000000efc00000, 0x00000000efc00000|100%| E|CS|TAMS 0x00000000efb00000, 0x00000000efb00000| Complete 
| 252|0x00000000efc00000, 0x00000000efd00000, 0x00000000efd00000|100%| E|CS|TAMS 0x00000000efc00000, 0x00000000efc00000| Complete 
| 253|0x00000000efd00000, 0x00000000efe00000, 0x00000000efe00000|100%| E|CS|TAMS 0x00000000efd00000, 0x00000000efd00000| Complete 
| 254|0x00000000efe00000, 0x00000000eff00000, 0x00000000eff00000|100%| E|CS|TAMS 0x00000000efe00000, 0x00000000efe00000| Complete 
| 255|0x00000000eff00000, 0x00000000f0000000, 0x00000000f0000000|100%| E|CS|TAMS 0x00000000eff00000, 0x00000000eff00000| Complete 

Card table byte_map: [0x000001b7981c0000,0x000001b7982c0000] _byte_map_base: 0x000001b797ac0000

Marking Bits (Prev, Next): (CMBitMap*) 0x000001b7ffb28f00, (CMBitMap*) 0x000001b7ffb28ec8
 Prev Bits: [0x000001b798bc0000, 0x000001b7993c0000)
 Next Bits: [0x000001b7983c0000, 0x000001b798bc0000)

Polling page: 0x000001b780000000

Metaspace:

Usage:
  Non-class:     19.91 MB capacity,    19.54 MB ( 98%) used,   337.35 KB (  2%) free+waste,    41.75 KB ( <1%) overhead. 
      Class:      2.99 MB capacity,     2.83 MB ( 95%) used,   143.98 KB (  5%) free+waste,    20.94 KB ( <1%) overhead. 
       Both:     22.90 MB capacity,    22.37 MB ( 98%) used,   481.33 KB (  2%) free+waste,    62.69 KB ( <1%) overhead. 

Virtual space:
  Non-class space:       20.00 MB reserved,      20.00 MB (100%) committed 
      Class space:      248.00 MB reserved,       3.00 MB (  1%) committed 
             Both:      268.00 MB reserved,      23.00 MB (  9%) committed 

Chunk freelists:
   Non-Class:  32.00 KB
       Class:  7.00 KB
        Both:  39.00 KB

MaxMetaspaceSize: 256.00 MB
CompressedClassSpaceSize: 248.00 MB

CodeHeap 'non-profiled nmethods': size=120000Kb used=922Kb max_used=922Kb free=119078Kb
 bounds [0x000001b790100000, 0x000001b790370000, 0x000001b797630000]
CodeHeap 'profiled nmethods': size=120000Kb used=4288Kb max_used=4288Kb free=115711Kb
 bounds [0x000001b788bd0000, 0x000001b789010000, 0x000001b790100000]
CodeHeap 'non-nmethods': size=5760Kb used=1147Kb max_used=1194Kb free=4612Kb
 bounds [0x000001b788630000, 0x000001b7888a0000, 0x000001b788bd0000]
 total_blobs=2505 nmethods=2019 adapters=397
 compilation: enabled
              stopped_count=0, restarted_count=0
 full_count=0

Compilation events (20 events):
Event: 17.785 Thread 0x000001b79c7e1800 nmethod 2009 0x000001b788ffcd10 code [0x000001b788ffcee0, 0x000001b788ffd108]
Event: 17.785 Thread 0x000001b79c7e1800 2011       3       org.objectweb.asm.Type::getInternalName (16 bytes)
Event: 17.785 Thread 0x000001b79c7e1800 nmethod 2011 0x000001b788ffd290 code [0x000001b788ffd440, 0x000001b788ffd588]
Event: 17.787 Thread 0x000001b79c7e1800 2012       3       org.objectweb.asm.ByteVector::putShort (52 bytes)
Event: 17.787 Thread 0x000001b79c7e1800 nmethod 2012 0x000001b788ffd690 code [0x000001b788ffd860, 0x000001b788ffda68]
Event: 17.787 Thread 0x000001b79c7e1800 2013       1       org.objectweb.asm.SymbolTable::getMajorVersion (5 bytes)
Event: 17.787 Thread 0x000001b79c7e1800 nmethod 2013 0x000001b7901e6310 code [0x000001b7901e64c0, 0x000001b7901e6578]
Event: 17.788 Thread 0x000001b79c7e1800 2014       3       jdk.internal.org.objectweb.asm.ClassReader::readUnsignedShort (26 bytes)
Event: 17.788 Thread 0x000001b79c7e1800 nmethod 2014 0x000001b788ffdb90 code [0x000001b788ffdd40, 0x000001b788ffde98]
Event: 17.794 Thread 0x000001b79d44e000 2015       4       java.net.URLClassLoader$1::run (5 bytes)
Event: 17.799 Thread 0x000001b79c7e1800 2016       3       sun.reflect.generics.parser.SignatureParser::mark (9 bytes)
Event: 17.800 Thread 0x000001b79c7e1800 nmethod 2016 0x000001b788ffdf90 code [0x000001b788ffe140, 0x000001b788ffe238]
Event: 17.800 Thread 0x000001b79c7e1800 2017       3       sun.reflect.generics.parser.SignatureParser::markToCurrent (16 bytes)
Event: 17.800 Thread 0x000001b79c7e1800 nmethod 2017 0x000001b788ffe310 code [0x000001b788ffe4c0, 0x000001b788ffe608]
Event: 17.800 Thread 0x000001b79c7e1800 2018       3       org.gradle.internal.service.DefaultServiceRegistry$SingletonService::getAll (23 bytes)
Event: 17.800 Thread 0x000001b79c7e1800 nmethod 2018 0x000001b788ffe710 code [0x000001b788ffe8e0, 0x000001b788ffeb68]
Event: 17.802 Thread 0x000001b79c7e1800 2019       3       sun.nio.fs.WindowsPath::elementAsString (62 bytes)
Event: 17.802 Thread 0x000001b79c7e1800 nmethod 2019 0x000001b788ffec90 code [0x000001b788ffee80, 0x000001b788fff188]
Event: 17.803 Thread 0x000001b79c7e1800 2021       3       jdk.internal.org.objectweb.asm.Frame::pop (53 bytes)
Event: 17.804 Thread 0x000001b79c7e1800 nmethod 2021 0x000001b788fff410 code [0x000001b788fff660, 0x000001b788fffd98]

GC Heap History (6 events):
Event: 2.072 GC heap before
{Heap before GC invocations=0 (full 0):
 garbage-first heap   total 262144K, used 29696K [0x00000000e0000000, 0x0000000100000000)
  region size 1024K, 24 young (24576K), 0 survivors (0K)
 Metaspace       used 10692K, capacity 10939K, committed 11264K, reserved 264192K
  class space    used 1123K, capacity 1201K, committed 1280K, reserved 253952K
}
Event: 2.077 GC heap after
{Heap after GC invocations=1 (full 0):
 garbage-first heap   total 262144K, used 8595K [0x00000000e0000000, 0x0000000100000000)
  region size 1024K, 3 young (3072K), 3 survivors (3072K)
 Metaspace       used 10692K, capacity 10939K, committed 11264K, reserved 264192K
  class space    used 1123K, capacity 1201K, committed 1280K, reserved 253952K
}
Event: 16.537 GC heap before
{Heap before GC invocations=1 (full 0):
 garbage-first heap   total 262144K, used 94611K [0x00000000e0000000, 0x0000000100000000)
  region size 1024K, 88 young (90112K), 3 survivors (3072K)
 Metaspace       used 20622K, capacity 21107K, committed 21248K, reserved 272384K
  class space    used 2529K, capacity 2708K, committed 2816K, reserved 253952K
}
Event: 16.551 GC heap after
{Heap after GC invocations=2 (full 0):
 garbage-first heap   total 262144K, used 15950K [0x00000000e0000000, 0x0000000100000000)
  region size 1024K, 11 young (11264K), 11 survivors (11264K)
 Metaspace       used 20622K, capacity 21107K, committed 21248K, reserved 272384K
  class space    used 2529K, capacity 2708K, committed 2816K, reserved 253952K
}
Event: 17.445 GC heap before
{Heap before GC invocations=3 (full 0):
 garbage-first heap   total 262144K, used 31310K [0x00000000e0000000, 0x0000000100000000)
  region size 1024K, 26 young (26624K), 11 survivors (11264K)
 Metaspace       used 21700K, capacity 22183K, committed 22400K, reserved 274432K
  class space    used 2749K, capacity 2940K, committed 2944K, reserved 253952K
}
Event: 17.451 GC heap after
{Heap after GC invocations=4 (full 0):
 garbage-first heap   total 262144K, used 17173K [0x00000000e0000000, 0x0000000100000000)
  region size 1024K, 1 young (1024K), 1 survivors (1024K)
 Metaspace       used 21700K, capacity 22183K, committed 22400K, reserved 274432K
  class space    used 2749K, capacity 2940K, committed 2944K, reserved 253952K
}

Deoptimization events (20 events):
Event: 16.477 Thread 0x000001b79c946800 Uncommon trap: trap_request=0xffffff4d fr.pc=0x000001b79016a52c relative=0x00000000000001ec
Event: 16.477 Thread 0x000001b79c946800 Uncommon trap: reason=unstable_if action=reinterpret pc=0x000001b79016a52c method=java.util.HashMap.getNode(ILjava/lang/Object;)Ljava/util/HashMap$Node; @ 129 c2
Event: 16.477 Thread 0x000001b79c946800 DEOPT PACKING pc=0x000001b79016a52c sp=0x0000000b265fc4e0
Event: 16.477 Thread 0x000001b79c946800 DEOPT UNPACKING pc=0x000001b7886578af sp=0x0000000b265fc468 mode 2
Event: 17.602 Thread 0x000001b79c946800 Uncommon trap: trap_request=0xffffff4d fr.pc=0x000001b7901ce560 relative=0x00000000000001a0
Event: 17.602 Thread 0x000001b79c946800 Uncommon trap: reason=unstable_if action=reinterpret pc=0x000001b7901ce560 method=java.util.HashMap.getNode(ILjava/lang/Object;)Ljava/util/HashMap$Node; @ 129 c2
Event: 17.602 Thread 0x000001b79c946800 DEOPT PACKING pc=0x000001b7901ce560 sp=0x0000000b265fd3d0
Event: 17.602 Thread 0x000001b79c946800 DEOPT UNPACKING pc=0x000001b7886578af sp=0x0000000b265fd2e0 mode 2
Event: 17.602 Thread 0x000001b79c946800 Uncommon trap: trap_request=0xffffffc6 fr.pc=0x000001b7901b6978 relative=0x00000000000007d8
Event: 17.602 Thread 0x000001b79c946800 Uncommon trap: reason=bimorphic_or_optimized_type_check action=maybe_recompile pc=0x000001b7901b6978 method=java.util.HashMap.putVal(ILjava/lang/Object;Ljava/lang/Object;ZZ)Ljava/lang/Object; @ 203 c2
Event: 17.602 Thread 0x000001b79c946800 DEOPT PACKING pc=0x000001b7901b6978 sp=0x0000000b265fd380
Event: 17.602 Thread 0x000001b79c946800 DEOPT UNPACKING pc=0x000001b7886578af sp=0x0000000b265fd2a8 mode 2
Event: 17.616 Thread 0x000001b79c946800 Uncommon trap: trap_request=0xffffff4d fr.pc=0x000001b790161dd4 relative=0x0000000000000094
Event: 17.616 Thread 0x000001b79c946800 Uncommon trap: reason=unstable_if action=reinterpret pc=0x000001b790161dd4 method=java.util.LinkedHashMap.afterNodeInsertion(Z)V @ 1 c2
Event: 17.616 Thread 0x000001b79c946800 DEOPT PACKING pc=0x000001b790161dd4 sp=0x0000000b265fcff0
Event: 17.616 Thread 0x000001b79c946800 DEOPT UNPACKING pc=0x000001b7886578af sp=0x0000000b265fcf70 mode 2
Event: 17.620 Thread 0x000001b79c946800 Uncommon trap: trap_request=0xffffff4d fr.pc=0x000001b79014a57c relative=0x000000000000023c
Event: 17.620 Thread 0x000001b79c946800 Uncommon trap: reason=unstable_if action=reinterpret pc=0x000001b79014a57c method=java.util.concurrent.ConcurrentHashMap.get(Ljava/lang/Object;)Ljava/lang/Object; @ 76 c2
Event: 17.620 Thread 0x000001b79c946800 DEOPT PACKING pc=0x000001b79014a57c sp=0x0000000b265fafc0
Event: 17.620 Thread 0x000001b79c946800 DEOPT UNPACKING pc=0x000001b7886578af sp=0x0000000b265faf28 mode 2

Classes redefined (0 events):
No events

Internal exceptions (20 events):
Event: 13.940 Thread 0x000001b79c946800 Exception <a 'java/lang/NoSuchMethodError'{0x00000000ec48ef90}: 'void java.lang.invoke.DelegatingMethodHandle$Holder.reinvoke_L(java.lang.Object, java.lang.Object, java.lang.Object, java.lang.Object)'> (0x00000000ec48ef90) thrown at [./src/hotspot/share/interpreter/linkResolver.cpp, line 773]
Event: 13.950 Thread 0x000001b79c946800 Exception <a 'java/lang/NoSuchMethodError'{0x00000000ec4bf528}: 'long java.lang.invoke.DirectMethodHandle$Holder.invokeInterface(java.lang.Object, java.lang.Object)'> (0x00000000ec4bf528) thrown at [./src/hotspot/share/interpreter/linkResolver.cpp, line 773]
Event: 13.953 Thread 0x000001b79c946800 Exception <a 'java/lang/NoSuchMethodError'{0x00000000ec4e0aa8}: 'void java.lang.invoke.DelegatingMethodHandle$Holder.reinvoke_L(java.lang.Object, java.lang.Object, java.lang.Object, java.lang.Object, java.lang.Object, java.lang.Object, java.lang.Object)'> (0x00000000ec4e0aa8) thrown at [./src/hotspot/share/interpreter/linkResolver.cpp, line 773]
Event: 14.836 Thread 0x000001b79c946800 Exception <a 'java/lang/NoSuchMethodError'{0x00000000eb8c4990}: 'java.lang.Object java.lang.invoke.DirectMethodHandle$Holder.invokeVirtual(java.lang.Object, java.lang.Object, java.lang.Object)'> (0x00000000eb8c4990) thrown at [./src/hotspot/share/interpreter/linkResolver.cpp, line 773]
Event: 15.206 Thread 0x000001b79c946800 Exception <a 'java/lang/NoSuchMethodError'{0x00000000eb40e3f0}: 'void java.lang.invoke.DirectMethodHandle$Holder.invokeInterface(java.lang.Object, java.lang.Object)'> (0x00000000eb40e3f0) thrown at [./src/hotspot/share/interpreter/linkResolver.cpp, line 773]
Event: 15.206 Thread 0x000001b79c946800 Exception <a 'java/lang/IncompatibleClassChangeError'{0x00000000eb4115a0}: Found class java.lang.Object, but interface was expected> (0x00000000eb4115a0) thrown at [./src/hotspot/share/interpreter/linkResolver.cpp, line 839]
Event: 15.347 Thread 0x000001b79c946800 Exception <a 'java/lang/NoSuchMethodError'{0x00000000eb371ab8}: 'void java.lang.invoke.DirectMethodHandle$Holder.invokeStaticInit(java.lang.Object)'> (0x00000000eb371ab8) thrown at [./src/hotspot/share/interpreter/linkResolver.cpp, line 773]
Event: 15.501 Thread 0x000001b79c946800 Exception <a 'java/lang/NoSuchMethodError'{0x00000000eb1c7300}: 'java.lang.Object java.lang.invoke.DirectMethodHandle$Holder.invokeStatic(java.lang.Object, java.lang.Object, java.lang.Object, int)'> (0x00000000eb1c7300) thrown at [./src/hotspot/share/interpreter/linkResolver.cpp, line 773]
Event: 15.501 Thread 0x000001b79c946800 Exception <a 'java/lang/NoSuchMethodError'{0x00000000eb1cb4c8}: 'java.lang.Object java.lang.invoke.DirectMethodHandle$Holder.invokeSpecial(java.lang.Object, java.lang.Object, java.lang.Object, java.lang.Object, int)'> (0x00000000eb1cb4c8) thrown at [./src/hotspot/share/interpreter/linkResolver.cpp, line 773]
Event: 15.501 Thread 0x000001b79c946800 Exception <a 'java/lang/NoSuchMethodError'{0x00000000eb1ceeb0}: 'java.lang.Object java.lang.invoke.Invokers$Holder.linkToTargetMethod(java.lang.Object, java.lang.Object, int, java.lang.Object)'> (0x00000000eb1ceeb0) thrown at [./src/hotspot/share/interpreter/linkResolver.cpp, line 773]
Event: 16.166 Thread 0x000001b79c946800 Exception <a 'java/lang/NoSuchMethodError'{0x00000000eac40368}: 'int java.lang.invoke.DirectMethodHandle$Holder.invokeSpecialIFC(java.lang.Object, java.lang.Object, java.lang.Object, java.lang.Object)'> (0x00000000eac40368) thrown at [./src/hotspot/share/interpreter/linkResolver.cpp, line 773]
Event: 16.168 Thread 0x000001b79c946800 Exception <a 'java/lang/NoSuchMethodError'{0x00000000eac4e088}: 'java.lang.Object java.lang.invoke.DirectMethodHandle$Holder.invokeInterface(java.lang.Object, java.lang.Object, java.lang.Object)'> (0x00000000eac4e088) thrown at [./src/hotspot/share/interpreter/linkResolver.cpp, line 773]
Event: 16.168 Thread 0x000001b79c946800 Exception <a 'java/lang/IncompatibleClassChangeError'{0x00000000eac51560}: Found class java.lang.Object, but interface was expected> (0x00000000eac51560) thrown at [./src/hotspot/share/interpreter/linkResolver.cpp, line 839]
Event: 16.250 Thread 0x000001b79c946800 Exception <a 'java/lang/NoSuchMethodError'{0x00000000eacf3b68}: 'void java.lang.invoke.DirectMethodHandle$Holder.invokeStatic(java.lang.Object, java.lang.Object, java.lang.Object, java.lang.Object, java.lang.Object)'> (0x00000000eacf3b68) thrown at [./src/hotspot/share/interpreter/linkResolver.cpp, line 773]
Event: 16.569 Thread 0x000001b79c946800 Exception <a 'java/lang/NoSuchMethodError'{0x00000000efe47bf8}: 'void java.lang.invoke.DirectMethodHandle$Holder.invokeSpecial(java.lang.Object, java.lang.Object)'> (0x00000000efe47bf8) thrown at [./src/hotspot/share/interpreter/linkResolver.cpp, line 773]
Event: 17.264 Thread 0x000001b79c946800 Exception <a 'java/lang/NoSuchMethodError'{0x00000000ef390178}: 'java.lang.Object java.lang.invoke.DirectMethodHandle$Holder.invokeVirtual(java.lang.Object, java.lang.Object, java.lang.Object, java.lang.Object)'> (0x00000000ef390178) thrown at [./src/hotspot/share/interpreter/linkResolver.cpp, line 773]
Event: 17.459 Thread 0x000001b79c946800 Exception <a 'java/lang/NoSuchMethodError'{0x00000000eff1fd70}: 'java.lang.Object java.lang.invoke.Invokers$Holder.invoker(java.lang.Object, java.lang.Object, java.lang.Object, java.lang.Object, java.lang.Object)'> (0x00000000eff1fd70) thrown at [./src/hotspot/share/interpreter/linkResolver.cpp, line 773]
Event: 17.772 Thread 0x000001b79c946800 Exception <a 'java/lang/NoSuchMethodError'{0x00000000efb51748}: 'void java.lang.invoke.DirectMethodHandle$Holder.invokeSpecial(java.lang.Object, java.lang.Object, java.lang.Object, java.lang.Object, java.lang.Object, java.lang.Object)'> (0x00000000efb51748) thrown at [./src/hotspot/share/interpreter/linkResolver.cpp, line 773]
Event: 17.783 Thread 0x000001b79c946800 Exception <a 'java/lang/NoSuchMethodError'{0x00000000efbb89a0}: 'void java.lang.invoke.DirectMethodHandle$Holder.invokeSpecial(java.lang.Object, java.lang.Object, java.lang.Object, java.lang.Object, java.lang.Object, java.lang.Object, java.lang.Object)'> (0x00000000efbb89a0) thrown at [./src/hotspot/share/interpreter/linkResolver.cpp, line 773]
Event: 17.784 Thread 0x000001b79c946800 Exception <a 'java/lang/NoSuchMethodError'{0x00000000efbc0be8}: 'java.lang.Object java.lang.invoke.Invokers$Holder.linkToTargetMethod(java.lang.Object, java.lang.Object, java.lang.Object, java.lang.Object, java.lang.Object, java.lang.Object)'> (0x00000000efbc0be8) thrown at [./src/hotspot/share/interpreter/linkResolver.cpp, line 773]

Events (20 events):
Event: 17.801 loading class org/gradle/caching/internal/packaging/impl/TarPackerFileSystemSupport
Event: 17.801 loading class org/gradle/caching/internal/packaging/impl/TarPackerFileSystemSupport done
Event: 17.801 loading class org/gradle/caching/internal/controller/BuildCacheCommandFactory
Event: 17.801 loading class org/gradle/caching/internal/controller/BuildCacheCommandFactory done
Event: 17.801 loading class org/gradle/caching/internal/controller/BuildCacheController
Event: 17.801 loading class org/gradle/caching/internal/controller/BuildCacheController done
Event: 17.802 loading class org/gradle/caching/internal/origin/OriginMetadataFactory
Event: 17.802 loading class org/gradle/caching/internal/origin/OriginMetadataFactory done
Event: 17.802 loading class org/gradle/internal/service/scopes/ExecutionGradleServices
Event: 17.802 loading class org/gradle/internal/service/scopes/ExecutionGradleServices done
Event: 17.803 loading class org/gradle/internal/execution/history/OutputFilesRepository
Event: 17.803 loading class org/gradle/internal/execution/history/OutputFilesRepository done
Event: 17.803 loading class org/gradle/internal/execution/OutputChangeListener
Event: 17.803 loading class org/gradle/internal/execution/OutputChangeListener done
Event: 17.803 loading class org/gradle/kotlin/dsl/accessors/GradleScopeServices
Event: 17.803 loading class org/gradle/kotlin/dsl/accessors/GradleScopeServices done
Event: 17.841 loading class org/gradle/kotlin/dsl/accessors/ProjectAccessorsClassPathGenerator
Event: 17.841 loading class org/gradle/kotlin/dsl/accessors/ProjectAccessorsClassPathGenerator done
Event: 17.842 loading class org/gradle/kotlin/dsl/accessors/PluginAccessorClassPathGenerator
Event: 17.842 loading class org/gradle/kotlin/dsl/accessors/PluginAccessorClassPathGenerator done


Dynamic libraries:
0x00007ff638220000 - 0x00007ff63822d000 	C:\Users\Potato Main\.jdks\adopt-openjdk-11.0.10\bin\java.exe
0x00007fffe20b0000 - 0x00007fffe22a5000 	C:\WINDOWS\SYSTEM32\ntdll.dll
0x00007fffe0980000 - 0x00007fffe0a3e000 	C:\WINDOWS\System32\KERNEL32.DLL
0x00007fffdfa60000 - 0x00007fffdfd28000 	C:\WINDOWS\System32\KERNELBASE.dll
0x00007fffdf930000 - 0x00007fffdfa30000 	C:\WINDOWS\System32\ucrtbase.dll
0x00007fffc29e0000 - 0x00007fffc29f5000 	C:\Users\Potato Main\.jdks\adopt-openjdk-11.0.10\bin\VCRUNTIME140.dll
0x00007fffd25e0000 - 0x00007fffd25f7000 	C:\Users\Potato Main\.jdks\adopt-openjdk-11.0.10\bin\jli.dll
0x00007fffe0250000 - 0x00007fffe03f1000 	C:\WINDOWS\System32\USER32.dll
0x00007fffc84c0000 - 0x00007fffc875a000 	C:\WINDOWS\WinSxS\amd64_microsoft.windows.common-controls_6595b64144ccf1df_6.0.19041.1110_none_60b5254171f9507e\COMCTL32.dll
0x00007fffdfa30000 - 0x00007fffdfa52000 	C:\WINDOWS\System32\win32u.dll
0x00007fffe0400000 - 0x00007fffe049e000 	C:\WINDOWS\System32\msvcrt.dll
0x00007fffe06c0000 - 0x00007fffe06eb000 	C:\WINDOWS\System32\GDI32.dll
0x00007fffdffa0000 - 0x00007fffe00ab000 	C:\WINDOWS\System32\gdi32full.dll
0x00007fffdfe50000 - 0x00007fffdfeed000 	C:\WINDOWS\System32\msvcp_win.dll
0x00007fffe1ce0000 - 0x00007fffe1d10000 	C:\WINDOWS\System32\IMM32.DLL
0x00007fff9fbe0000 - 0x00007fff9fc7b000 	C:\Users\Potato Main\.jdks\adopt-openjdk-11.0.10\bin\msvcp140.dll
0x00007fff5f440000 - 0x00007fff5ff83000 	C:\Users\Potato Main\.jdks\adopt-openjdk-11.0.10\bin\server\jvm.dll
0x00007fffe0190000 - 0x00007fffe023c000 	C:\WINDOWS\System32\ADVAPI32.dll
0x00007fffe0810000 - 0x00007fffe08ab000 	C:\WINDOWS\System32\sechost.dll
0x00007fffe15f0000 - 0x00007fffe171a000 	C:\WINDOWS\System32\RPCRT4.dll
0x00007fffe0580000 - 0x00007fffe0588000 	C:\WINDOWS\System32\PSAPI.DLL
0x00007fffbbe10000 - 0x00007fffbbe19000 	C:\WINDOWS\SYSTEM32\WSOCK32.dll
0x00007fffd2940000 - 0x00007fffd294a000 	C:\WINDOWS\SYSTEM32\VERSION.dll
0x00007fffc5de0000 - 0x00007fffc5e07000 	C:\WINDOWS\SYSTEM32\WINMM.dll
0x00007fffe08b0000 - 0x00007fffe091b000 	C:\WINDOWS\System32\WS2_32.dll
0x00007fffde040000 - 0x00007fffde052000 	C:\WINDOWS\SYSTEM32\kernel.appcore.dll
0x00007fffc7870000 - 0x00007fffc7880000 	C:\Users\Potato Main\.jdks\adopt-openjdk-11.0.10\bin\verify.dll
0x00007fffdd5e0000 - 0x00007fffdd7c4000 	C:\WINDOWS\SYSTEM32\DBGHELP.DLL
0x00007fffc2ae0000 - 0x00007fffc2b0c000 	C:\WINDOWS\SYSTEM32\dbgcore.DLL
0x00007fffdfd60000 - 0x00007fffdfde3000 	C:\WINDOWS\System32\bcryptPrimitives.dll
0x00007fffc0650000 - 0x00007fffc0678000 	C:\Users\Potato Main\.jdks\adopt-openjdk-11.0.10\bin\java.dll
0x00007fffc2b50000 - 0x00007fffc2b5a000 	C:\Users\Potato Main\.jdks\adopt-openjdk-11.0.10\bin\jimage.dll
0x00007fffc2540000 - 0x00007fffc2557000 	C:\Users\Potato Main\.jdks\adopt-openjdk-11.0.10\bin\zip.dll
0x00007fffe0a40000 - 0x00007fffe117f000 	C:\WINDOWS\System32\SHELL32.dll
0x00007fffdd8b0000 - 0x00007fffde040000 	C:\WINDOWS\SYSTEM32\windows.storage.dll
0x00007fffe1d10000 - 0x00007fffe2065000 	C:\WINDOWS\System32\combase.dll
0x00007fffdf220000 - 0x00007fffdf24e000 	C:\WINDOWS\SYSTEM32\Wldp.dll
0x00007fffe06f0000 - 0x00007fffe079d000 	C:\WINDOWS\System32\SHCORE.dll
0x00007fffe07a0000 - 0x00007fffe07f5000 	C:\WINDOWS\System32\shlwapi.dll
0x00007fffdf710000 - 0x00007fffdf72f000 	C:\WINDOWS\SYSTEM32\profapi.dll
0x00007fffc24f0000 - 0x00007fffc2509000 	C:\Users\Potato Main\.jdks\adopt-openjdk-11.0.10\bin\net.dll
0x00007fffd7190000 - 0x00007fffd729c000 	C:\WINDOWS\SYSTEM32\WINHTTP.dll
0x00007fffdef80000 - 0x00007fffdefea000 	C:\WINDOWS\system32\mswsock.dll
0x00007fffc05b0000 - 0x00007fffc05c2000 	C:\Users\Potato Main\.jdks\adopt-openjdk-11.0.10\bin\nio.dll
0x00007fffc0070000 - 0x00007fffc0097000 	D:\.gradle\native\49d0259a56938c7f99b2704e745ce422c4f750a7a20b539a32ccef96729676b1\windows-amd64\native-platform.dll
0x00007fff8e3e0000 - 0x00007fff8e571000 	D:\.gradle\native\12488b8bf47d2d4c9fbf2f6322a914ad602e24e48041cd04a747c6da556b65c4\windows-amd64\native-platform-file-events.dll
0x00007fffc0060000 - 0x00007fffc0069000 	C:\Users\Potato Main\.jdks\adopt-openjdk-11.0.10\bin\management.dll
0x00007fffc0050000 - 0x00007fffc005b000 	C:\Users\Potato Main\.jdks\adopt-openjdk-11.0.10\bin\management_ext.dll
0x00007fffdf180000 - 0x00007fffdf198000 	C:\WINDOWS\SYSTEM32\CRYPTSP.dll
0x00007fffde890000 - 0x00007fffde8c4000 	C:\WINDOWS\system32\rsaenh.dll
0x00007fffdfd30000 - 0x00007fffdfd57000 	C:\WINDOWS\System32\bcrypt.dll
0x00007fffdf690000 - 0x00007fffdf6be000 	C:\WINDOWS\SYSTEM32\USERENV.dll
0x00007fffdf170000 - 0x00007fffdf17c000 	C:\WINDOWS\SYSTEM32\CRYPTBASE.dll
0x00007fffdec20000 - 0x00007fffdec5b000 	C:\WINDOWS\SYSTEM32\IPHLPAPI.DLL
0x00007fffe0240000 - 0x00007fffe0248000 	C:\WINDOWS\System32\NSI.dll
0x00007fffdca90000 - 0x00007fffdcaa7000 	C:\WINDOWS\SYSTEM32\dhcpcsvc6.DLL
0x00007fffdca70000 - 0x00007fffdca8d000 	C:\WINDOWS\SYSTEM32\dhcpcsvc.DLL
0x00007fffdec70000 - 0x00007fffded3b000 	C:\WINDOWS\SYSTEM32\DNSAPI.dll

dbghelp: loaded successfully - version: 4.0.5 - missing functions: none
symbol engine: initialized successfully - sym options: 0x614 - pdb path: .;C:\Users\Potato Main\.jdks\adopt-openjdk-11.0.10\bin;C:\WINDOWS\SYSTEM32;C:\WINDOWS\WinSxS\amd64_microsoft.windows.common-controls_6595b64144ccf1df_6.0.19041.1110_none_60b5254171f9507e;C:\Users\Potato Main\.jdks\adopt-openjdk-11.0.10\bin\server;D:\.gradle\native\49d0259a56938c7f99b2704e745ce422c4f750a7a20b539a32ccef96729676b1\windows-amd64;D:\.gradle\native\12488b8bf47d2d4c9fbf2f6322a914ad602e24e48041cd04a747c6da556b65c4\windows-amd64

VM Arguments:
jvm_args: --add-opens=java.base/java.util=ALL-UNNAMED --add-opens=java.base/java.lang=ALL-UNNAMED --add-opens=java.base/java.lang.invoke=ALL-UNNAMED --add-opens=java.prefs/java.util.prefs=ALL-UNNAMED -XX:MaxMetaspaceSize=256m -XX:+HeapDumpOnOutOfMemoryError -Xms256m -Xmx512m -Dfile.encoding=windows-1252 -Duser.country=GB -Duser.language=en -Duser.variant 
java_command: org.gradle.launcher.daemon.bootstrap.GradleDaemon 6.9
java_class_path (initial): D:\.gradle\wrapper\dists\gradle-6.9-all\dooywd8nv05k16orzxge2b1bs\gradle-6.9\lib\gradle-launcher-6.9.jar
Launcher Type: SUN_STANDARD

[Global flags]
     intx CICompilerCount                          = 4                                         {product} {ergonomic}
   size_t CompressedClassSpaceSize                 = 260046848                                 {product} {ergonomic}
     uint ConcGCThreads                            = 2                                         {product} {ergonomic}
     uint G1ConcRefinementThreads                  = 8                                         {product} {ergonomic}
   size_t G1HeapRegionSize                         = 1048576                                   {product} {ergonomic}
    uintx GCDrainStackTargetSize                   = 64                                        {product} {ergonomic}
     bool HeapDumpOnOutOfMemoryError               = true                                   {manageable} {command line}
   size_t InitialHeapSize                          = 268435456                                 {product} {command line}
   size_t MarkStackSize                            = 4194304                                   {product} {ergonomic}
   size_t MaxHeapSize                              = 536870912                                 {product} {command line}
   size_t MaxMetaspaceSize                         = 268435456                                 {product} {command line}
   size_t MaxNewSize                               = 321912832                                 {product} {ergonomic}
   size_t MinHeapDeltaBytes                        = 1048576                                   {product} {ergonomic}
    uintx NonNMethodCodeHeapSize                   = 5836300                                {pd product} {ergonomic}
    uintx NonProfiledCodeHeapSize                  = 122910970                              {pd product} {ergonomic}
    uintx ProfiledCodeHeapSize                     = 122910970                              {pd product} {ergonomic}
    uintx ReservedCodeCacheSize                    = 251658240                              {pd product} {ergonomic}
     bool SegmentedCodeCache                       = true                                      {product} {ergonomic}
     bool UseCompressedClassPointers               = true                                 {lp64_product} {ergonomic}
     bool UseCompressedOops                        = true                                 {lp64_product} {ergonomic}
     bool UseG1GC                                  = true                                      {product} {ergonomic}
     bool UseLargePagesIndividualAllocation        = false                                  {pd product} {ergonomic}

Logging:
Log output configuration:
 #0: stdout all=warning uptime,level,tags
 #1: stderr all=off uptime,level,tags

Environment Variables:
JAVA_HOME=C:\Users\Potato Main\.jdks\adopt-openjdk-11.0.10
CLASSPATH=D:\WhichPlane\android\\gradle\wrapper\gradle-wrapper.jar
PATH=D:\WhichPlane\android\node_modules\.bin;D:\WhichPlane\node_modules\.bin;D:\node_modules\.bin;D:\Program Files\nodejs;D:\WhichPlane\node_modules\.bin;D:\WhichPlane\node_modules\.bin;D:\Python39\Scripts\;D:\Python39\;C:\Python39\Scripts\;C:\Python39\;C:\Program Files (x86)\Common Files\Oracle\Java\javapath;C:\Program Files (x86)\Intel\Intel(R) Management Engine Components\iCLS\;C:\Program Files\Intel\Intel(R) Management Engine Components\iCLS\;C:\ProgramData\Oracle\Java\javapath;C:\windows\system32;C:\windows;C:\windows\System32\Wbem;C:\windows\System32\WindowsPowerShell\v1.0\;C:\Program Files (x86)\NVIDIA Corporation\PhysX\Common;C:\WINDOWS\system32;C:\WINDOWS;C:\WINDOWS\System32\Wbem;C:\WINDOWS\System32\WindowsPowerShell\v1.0\;C:\Program Files (x86)\GtkSharp\2.12\bin;C:\WINDOWS\System32\OpenSSH\;C:\Program Files (x86)\Intel\Intel(R) Management Engine Components\DAL;C:\Program Files\Intel\Intel(R) Management Engine Components\DAL;C:\Program Files (x86)\Intel\Intel(R) Management Engine Components\IPT;C:\Program Files\Intel\Intel(R) Management Engine Components\IPT;C:\Program Files\NVIDIA Corporation\NVIDIA NvDLISR;C:\Program Files\Intel\WiFi\bin\;C:\Program Files\Common Files\Intel\WirelessCommon\;C:\WINDOWS\system32;C:\WINDOWS;C:\WINDOWS\System32\Wbem;C:\WINDOWS\System32\WindowsPowerShell\v1.0\;C:\WINDOWS\System32\OpenSSH\;D:\nvm;D:\Program Files\nodejs;C:\ProgramData\chocolatey\bin;C:\Program Files\PowerShell\7\;D:\Program Files\Git\cmd;C:\Program Files\OpenJDK\openjdk-8u282-b08\bin;D:\Program Files\MATLAB\R2021a\bin;C:\Users\Potato Main\AppData\Local\Microsoft\WindowsApps;C:\Program Files\Intel\WiFi\bin\;C:\Program Files\Common Files\Intel\WirelessCommon\;C:\Users\Potato Main\AppData\Local\Programs\Microsoft VS Code\bin;D:\Program Files\Microsoft VS Code\bin;C:\Users\Potato Main\AppData\Local\Microsoft\WindowsApps;C:\Users\Potato Main\.jdks\adopt-openjdk-11.0.10\bin;D:\nvm;D:\Program Files\nodejs;D:\Android\Sdk\platform-tools;D:\.gradle;C:\Users\Potato Main\AppDa
USERNAME=Potato Main
OS=Windows_NT
PROCESSOR_IDENTIFIER=Intel64 Family 6 Model 158 Stepping 9, GenuineIntel



---------------  S Y S T E M  ---------------

OS: Windows 10 , 64 bit Build 19041 (10.0.19041.1348)
OS uptime: 4 days 7:44 hours

CPU:total 8 (initial active 8) (4 cores per cpu, 2 threads per core) family 6 model 158 stepping 9 microcode 0xea, cmov, cx8, fxsr, mmx, sse, sse2, sse3, ssse3, sse4.1, sse4.2, popcnt, avx, avx2, aes, clmul, erms, 3dnowpref, lzcnt, ht, tsc, tscinvbit, bmi1, bmi2, adx, fma

Memory: 4k page, system-wide physical 16262M (2528M free)
TotalPageFile size 31368M (AvailPageFile size 7M)
current process WorkingSet (physical memory assigned to process): 209M, peak: 209M
current process commit charge ("private bytes"): 401M, peak: 402M

vm_info: OpenJDK 64-Bit Server VM (11.0.10+9) for windows-amd64 JRE (11.0.10+9), built on Jan 20 2021 06:07:07 by "" with MS VC++ 15.9 (VS2017)

END.
